[debug] [2018-07-16T15:34:45.073Z] ----------------------------------------------------------------------
[debug] [2018-07-16T15:34:45.076Z] Command:       C:\Program Files (x86)\nodejs\node.exe C:\Users\Megas\AppData\Roaming\npm\node_modules\firebase-tools\bin\firebase deploy
[debug] [2018-07-16T15:34:45.076Z] CLI Version:   3.19.3
[debug] [2018-07-16T15:34:45.076Z] Platform:      win32
[debug] [2018-07-16T15:34:45.076Z] Node Version:  v10.6.0
[debug] [2018-07-16T15:34:45.077Z] Time:          Mon Jul 16 2018 18:34:45 GMT+0300 (GMT+03:00)
[debug] [2018-07-16T15:34:45.077Z] ----------------------------------------------------------------------
[debug] 
[debug] [2018-07-16T15:34:45.091Z] > command requires scopes: ["email","openid","https://www.googleapis.com/auth/cloudplatformprojects.readonly","https://www.googleapis.com/auth/firebase","https://www.googleapis.com/auth/cloud-platform"]
[debug] [2018-07-16T15:34:45.091Z] > authorizing via signed-in user
[debug] [2018-07-16T15:34:45.094Z] >>> HTTP REQUEST GET https://admin.firebase.com/v1/projects/comments-test-task  
  
 Mon Jul 16 2018 18:34:45 GMT+0300 (GMT+03:00)
[debug] [2018-07-16T15:34:45.824Z] <<< HTTP RESPONSE 200
[debug] [2018-07-16T15:34:45.825Z] >>> HTTP REQUEST GET https://admin.firebase.com/v1/database/comments-test-task/tokens  
  
 Mon Jul 16 2018 18:34:45 GMT+0300 (GMT+03:00)
[debug] [2018-07-16T15:34:46.470Z] <<< HTTP RESPONSE 200
[info] 
[info] === Deploying to 'comments-test-task'...
[info] 
[info] i  deploying database, storage, functions
[info] Running command: npm --prefix "%RESOURCE_DIR%" run deploy
[debug] [2018-07-16T15:35:42.144Z] ----------------------------------------------------------------------
[debug] [2018-07-16T15:35:42.147Z] Command:       C:\Program Files (x86)\nodejs\node.exe C:\Users\Megas\AppData\Roaming\npm\node_modules\firebase-tools\bin\firebase deploy
[debug] [2018-07-16T15:35:42.147Z] CLI Version:   3.19.3
[debug] [2018-07-16T15:35:42.147Z] Platform:      win32
[debug] [2018-07-16T15:35:42.147Z] Node Version:  v10.6.0
[debug] [2018-07-16T15:35:42.148Z] Time:          Mon Jul 16 2018 18:35:42 GMT+0300 (GMT+03:00)
[debug] [2018-07-16T15:35:42.148Z] ----------------------------------------------------------------------
[debug] 
[debug] [2018-07-16T15:35:42.163Z] > command requires scopes: ["email","openid","https://www.googleapis.com/auth/cloudplatformprojects.readonly","https://www.googleapis.com/auth/firebase","https://www.googleapis.com/auth/cloud-platform"]
[debug] [2018-07-16T15:35:42.163Z] > authorizing via signed-in user
[debug] [2018-07-16T15:35:42.165Z] >>> HTTP REQUEST GET https://admin.firebase.com/v1/projects/comments-test-task  
  
 Mon Jul 16 2018 18:35:42 GMT+0300 (GMT+03:00)
[debug] [2018-07-16T15:35:42.870Z] <<< HTTP RESPONSE 200
[debug] [2018-07-16T15:35:42.872Z] >>> HTTP REQUEST GET https://admin.firebase.com/v1/database/comments-test-task/tokens  
  
 Mon Jul 16 2018 18:35:42 GMT+0300 (GMT+03:00)
[debug] [2018-07-16T15:35:43.473Z] <<< HTTP RESPONSE 200
[info] 
[info] === Deploying to 'comments-test-task'...
[info] 
[info] i  deploying database, storage, functions
[info] Running command: npm --prefix "%RESOURCE_DIR%" run
[info] +  functions: Finished running predeploy script.
[info] i  database: checking rules syntax...
[debug] [2018-07-16T15:35:47.628Z] >>> HTTP REQUEST PUT https://comments-test-task.firebaseio.com/.settings/rules.json?dryRun=true  
 {
  "rules": {
    ".read": "true",
    ".write": "true"
  }
}
 
 Mon Jul 16 2018 18:35:47 GMT+0300 (GMT+03:00)
[debug] [2018-07-16T15:35:48.518Z] <<< HTTP RESPONSE 200
[info] +  database: rules syntax for database comments-test-task is valid
[debug] [2018-07-16T15:35:48.522Z] >>> HTTP REQUEST GET https://appengine.googleapis.com/v1/apps/comments-test-task  
  
 Mon Jul 16 2018 18:35:48 GMT+0300 (GMT+03:00)
